Vercel CLI 49.1.1
Retrieving project…
Deploying mohammed-rifatul-islams-projects/planova_client
Uploading [--------------------] (0.0B/98B)
Uploading [====================] (98.0B/98B)
Inspect: https://vercel.com/mohammed-rifatul-islams-projects/planova_client/Hy7dwFYp8vFttzFLCMSmFv3BPywn [2s]
Production: https://planovaclient-b2oatbasy-mohammed-rifatul-islams-projects.vercel.app [2s]
https://planovaclient-b2oatbasy-mohammed-rifatul-islams-projects.vercel.appBuilding...
Building...
Building: Running build in Washington, D.C., USA (East) – iad1
Building: Build machine configuration: 2 cores, 8 GB
Building: Retrieving list of deployment files...
Building: Downloading 140 deployment files...
Building: Restored build cache from previous deployment (AgA2zZN4cXcPk3KhffNFETiMWszP)
Building: Running "vercel build"
Building: Vercel CLI 51.2.1
Building: Detected `pnpm-lock.yaml` 9 which may be generated by pnpm@9.x or pnpm@10.x
Building: Using pnpm@10.x based on project creation date
Building: To use pnpm@9.x, manually opt in using corepack (https://vercel.com/docs/deployments/configure-a-build#corepack)
Building: Installing dependencies...
Building: Lockfile is up to date, resolution step is skipped
Building: Already up to date
Building: Done in 1.4s using pnpm v10.28.0
Building: Running "pnpm run build"
Building: > planova_client@0.1.0 build /vercel/path0
Building: > next build
Building: ⚠ You are using a non-standard "NODE_ENV" value in your environment. This creates inconsistencies in the project and is strongly advised against. Read more: https://nextjs.org/docs/messages/non-standard-node-env
Building: Attention: Next.js now collects completely anonymous telemetry regarding usage.
Building: This information is used to shape Next.js' roadmap and prioritize features.
Building: You can learn more, including how to opt-out if you'd not like to participate in this anonymous program, by visiting the following URL:
Building: https://nextjs.org/telemetry
Building: ▲ Next.js 16.2.3 (Turbopack)
Building: - Environments: .env
Building: Creating an optimized production build ...
Building: ✓ Compiled successfully in 13.0s
Building: Running TypeScript ...
Building: Finished TypeScript in 7.5s ...
Building: Collecting page data using 1 worker ...
Building: Generating static pages using 1 worker (0/22) ...
Building: Each child in a list should have a unique "key" prop.
Building: Check the top-level render call using <__next_viewport_boundary__>. See https://react.dev/link/warning-keys for more information.
Building: Each child in a list should have a unique "key" prop. See https://react.dev/link/warning-keys for more information.
Building: Each child in a list should have a unique "key" prop.
Building: Check the top-level render call using <meta>. See https://react.dev/link/warning-keys for more information.
Building: Each child in a list should have a unique "key" prop.
Building: Check the top-level render call using <head>. See https://react.dev/link/warning-keys for more information.
Building: Each child in a list should have a unique "key" prop.
Building: Check the top-level render call using <meta>. See https://react.dev/link/warning-keys for more information.
Building: Each child in a list should have a unique "key" prop.
Building: Check the top-level render call using <html>. See https://react.dev/link/warning-keys for more information.
Building: Each child in a list should have a unique "key" prop.
Building: Check the top-level render call using <meta>. See https://react.dev/link/warning-keys for more information.
Building: Each child in a list should have a unique "key" prop.
Building: Check the top-level render call using <head>. See https://react.dev/link/warning-keys for more information.
Building: Each child in a list should have a unique "key" prop.
Building: Check the top-level render call using <html>. See https://react.dev/link/warning-keys for more information.
Building: Each child in a list should have a unique "key" prop.
Building: Check the top-level render call using <meta>. See https://react.dev/link/warning-keys for more information.
Building: Each child in a list should have a unique "key" prop.
Building: Check the top-level render call using <head>. See https://react.dev/link/warning-keys for more information.
Building: Each child in a list should have a unique "key" prop.
Building: Check the top-level render call using <html>. See https://react.dev/link/warning-keys for more information.
Building: Each child in a list should have a unique "key" prop.
Building: Check the top-level render call using <meta>. See https://react.dev/link/warning-keys for more information.
Building: Each child in a list should have a unique "key" prop.
Building: Check the top-level render call using <head>. See https://react.dev/link/warning-keys for more information.
Building: Each child in a list should have a unique "key" prop.
Building: Check the top-level render call using <html>. See https://react.dev/link/warning-keys for more information.
Building: Each child in a list should have a unique "key" prop.
Building: Check the top-level render call using <meta>. See https://react.dev/link/warning-keys for more information.
Building: Each child in a list should have a unique "key" prop.
Building: Check the top-level render call using <head>. See https://react.dev/link/warning-keys for more information.
Building: Each child in a list should have a unique "key" prop.
Building: Check the top-level render call using <html>. See https://react.dev/link/warning-keys for more information.
Building: Each child in a list should have a unique "key" prop.
Building: Check the top-level render call using <meta>. See https://react.dev/link/warning-keys for more information.
Building: Each child in a list should have a unique "key" prop.
Building: Check the top-level render call using <head>. See https://react.dev/link/warning-keys for more information.
Building: Each child in a list should have a unique "key" prop.
Building: Check the top-level render call using <html>. See https://react.dev/link/warning-keys for more information.
Building: Each child in a list should have a unique "key" prop.
Building: Check the top-level render call using <meta>. See https://react.dev/link/warning-keys for more information.
Building: Each child in a list should have a unique "key" prop.
Building: Check the top-level render call using <head>. See https://react.dev/link/warning-keys for more information.
Building: Each child in a list should have a unique "key" prop.
Building: Check the top-level render call using <html>. See https://react.dev/link/warning-keys for more information.
Building: Each child in a list should have a unique "key" prop.
Building: Check the top-level render call using <meta>. See https://react.dev/link/warning-keys for more information.
Building: Each child in a list should have a unique "key" prop.
Building: Check the top-level render call using <head>. See https://react.dev/link/warning-keys for more information.
Building: Error occurred prerendering page "/_global-error". Read more: https://nextjs.org/docs/messages/prerender-error
Building: TypeError: Cannot read properties of null (reading 'useContext')
Building: at <unknown> (.next/server/chunks/ssr/07.t_next_dist_0jf8609._.js:4:28832) {
Building: digest: '2743208553'
Building: }
Building: Export encountered an error on /_global-error/page: /_global-error, exiting the build.
Building: ⨯ Next.js build worker exited with code: 1 and signal: null
Building: ELIFECYCLE  Command failed with exit code 1.
Building: Error: Command "pnpm run build" exited with 1
Error: Command "pnpm run build" exited with 1
